{"action":27,"origin":"ac131902","date":"2021-07-24T22:45:41","phones":[],"objects":[],"characters":[],"vehicles":[],"interiors":[],"accounts":[131902],"content":"Connected from 192.168.1.36 - 4415E7EB055A737B007298C5599C7C42","factions":[]}
{"action":27,"origin":"ac131902","date":"2021-07-24T22:47:59","phones":[],"objects":[],"characters":[51711],"vehicles":[],"interiors":[],"accounts":[131902],"content":"Created","factions":[]}
{"action":27,"origin":"ac131902","date":"2021-07-24T22:48:00","phones":[],"objects":[],"characters":[51711],"vehicles":[],"interiors":[],"accounts":[131902],"content":"Spawned","factions":[]}
{"action":40,"origin":"ch51711","date":"2021-07-24T22:48:26","phones":[],"objects":[],"characters":[51711],"vehicles":[],"interiors":[],"accounts":[],"content":"Maykil Ceksin takes out his Cellphone.","factions":[]}
{"action":40,"origin":"ch51711","date":"2021-07-24T22:50:08","phones":[],"objects":[],"characters":[51711],"vehicles":[],"interiors":[],"accounts":[],"content":"Maykil Ceksin puts down his Cellphone.","factions":[]}
{"action":3,"origin":"ch51711","date":"2021-07-24T22:51:22","phones":[],"objects":[],"characters":[51711],"vehicles":[],"interiors":[],"accounts":[],"content":"a","factions":[]}
{"action":3,"origin":"ch51711","date":"2021-07-24T22:51:24","phones":[],"objects":[],"characters":[51711],"vehicles":[],"interiors":[],"accounts":[],"content":"clearchat","factions":[]}
{"action":37,"origin":"ch51711","date":"2021-07-24T22:51:37","phones":[],"objects":[],"characters":[],"vehicles":[],"interiors":[5167],"accounts":[],"content":"ADDINTERIOR T:2 I:60 C:0","factions":[]}
{"action":31,"origin":"ch51711","date":"2021-07-24T22:51:39","phones":[],"objects":[],"characters":[51711],"vehicles":[],"interiors":[5167],"accounts":[],"content":"ENTERED","factions":[]}
{"action":31,"origin":"ch51711","date":"2021-07-24T22:51:42","phones":[],"objects":[],"characters":[51711],"vehicles":[],"interiors":[5167],"accounts":[],"content":"EXITED","factions":[]}
{"action":37,"origin":"ch51711","date":"2021-07-24T22:51:56","phones":[],"objects":[],"characters":[],"vehicles":[],"interiors":[5167],"accounts":[],"content":"DELETEINTERIOR 5167","factions":[]}
{"action":37,"origin":"ch51711","date":"2021-07-24T22:53:13","phones":[],"objects":[],"characters":[],"vehicles":[],"interiors":[5168],"accounts":[],"content":"ADDINTERIOR T:2 I:60 C:0","factions":[]}
{"action":31,"origin":"ch51711","date":"2021-07-24T22:53:15","phones":[],"objects":[],"characters":[51711],"vehicles":[],"interiors":[5168],"accounts":[],"content":"ENTERED","factions":[]}
{"action":31,"origin":"ch51711","date":"2021-07-24T22:53:17","phones":[],"objects":[],"characters":[51711],"vehicles":[],"interiors":[5168],"accounts":[],"content":"EXITED","factions":[]}
{"action":31,"origin":"ch51711","date":"2021-07-24T22:53:18","phones":[],"objects":[],"characters":[51711],"vehicles":[],"interiors":[5168],"accounts":[],"content":"ENTERED","factions":[]}
{"action":31,"origin":"ch51711","date":"2021-07-24T22:53:20","phones":[],"objects":[],"characters":[51711],"vehicles":[],"interiors":[5168],"accounts":[],"content":"EXITED","factions":[]}
{"action":37,"origin":"ch51711","date":"2021-07-24T22:53:24","phones":[],"objects":[],"characters":[],"vehicles":[],"interiors":[5168],"accounts":[],"content":"DELETEINTERIOR 5168","factions":[]}
{"action":40,"origin":"ch51711","date":"2021-07-24T22:53:59","phones":[],"objects":[],"characters":[51711],"vehicles":[],"interiors":[],"accounts":[],"content":"Maykil Ceksin eats a cheeseburger.","factions":[]}
{"action":6,"origin":"ch51711","date":"2021-07-24T22:54:15","phones":[],"objects":[],"characters":[51711],"vehicles":[],"interiors":[],"accounts":[],"content":" Created new vehicle #3312 in library.","factions":[]}
{"action":6,"origin":"ch51711","date":"2021-07-24T22:54:22","phones":[],"objects":[],"characters":[],"vehicles":[29140],"interiors":[],"accounts":[],"content":"SPAWNVEH 'Sultan' $0 Maykil_Ceksin","factions":[]}
{"action":40,"origin":"ch51711","date":"2021-07-24T22:54:25","phones":[],"objects":[],"characters":[51711],"vehicles":[],"interiors":[],"accounts":[],"content":"Maykil Ceksin presses on the key to unlock the vehicle. ((2111 asdasd 1111))","factions":[]}
{"action":31,"origin":"ch51711","date":"2021-07-24T22:54:25","phones":[],"objects":[],"characters":[],"vehicles":[29140],"interiors":[],"accounts":[],"content":"UNLOCK FROM OUTSIDE","factions":[]}
{"action":31,"origin":"ch51711","date":"2021-07-24T22:54:31","phones":[],"objects":[],"characters":[51711],"vehicles":[29140],"interiors":[],"accounts":[],"content":"STARTED ENGINE","factions":[]}
{"action":40,"origin":"ch51711","date":"2021-07-24T22:54:32","phones":[],"objects":[],"characters":[51711],"vehicles":[],"interiors":[],"accounts":[],"content":"Maykil Ceksin buckles in their seatbelt.","factions":[]}
{"action":40,"origin":"ch51711","date":"2021-07-24T22:56:40","phones":[],"objects":[],"characters":[51711],"vehicles":[],"interiors":[],"accounts":[],"content":"Maykil Ceksin unbuckles their seatbelt.","factions":[]}
{"action":40,"origin":"ch51711","date":"2021-07-24T22:56:43","phones":[],"objects":[],"characters":[51711],"vehicles":[],"interiors":[],"accounts":[],"content":"Maykil Ceksin presses on the key to lock the vehicle. ((2111 asdasd 1111))","factions":[]}
{"action":31,"origin":"ch51711","date":"2021-07-24T22:56:43","phones":[],"objects":[],"characters":[],"vehicles":[29140],"interiors":[],"accounts":[],"content":"LOCK FROM OUTSIDE","factions":[]}
{"action":40,"origin":"ch51711","date":"2021-07-24T22:56:44","phones":[],"objects":[],"characters":[51711],"vehicles":[],"interiors":[],"accounts":[],"content":"Maykil Ceksin presses on the key to unlock the vehicle. ((2111 asdasd 1111))","factions":[]}
{"action":31,"origin":"ch51711","date":"2021-07-24T22:56:44","phones":[],"objects":[],"characters":[],"vehicles":[29140],"interiors":[],"accounts":[],"content":"UNLOCK FROM OUTSIDE","factions":[]}
{"action":40,"origin":"ch51711","date":"2021-07-24T22:56:44","phones":[],"objects":[],"characters":[51711],"vehicles":[],"interiors":[],"accounts":[],"content":"Maykil Ceksin presses on the key to lock the vehicle. ((2111 asdasd 1111))","factions":[]}
{"action":31,"origin":"ch51711","date":"2021-07-24T22:56:44","phones":[],"objects":[],"characters":[],"vehicles":[29140],"interiors":[],"accounts":[],"content":"LOCK FROM OUTSIDE","factions":[]}
{"action":40,"origin":"ch51711","date":"2021-07-24T22:56:45","phones":[],"objects":[],"characters":[51711],"vehicles":[],"interiors":[],"accounts":[],"content":"Maykil Ceksin presses on the key to unlock the vehicle. ((2111 asdasd 1111))","factions":[]}
{"action":31,"origin":"ch51711","date":"2021-07-24T22:56:45","phones":[],"objects":[],"characters":[],"vehicles":[29140],"interiors":[],"accounts":[],"content":"UNLOCK FROM OUTSIDE","factions":[]}
{"action":40,"origin":"ch51711","date":"2021-07-24T22:56:45","phones":[],"objects":[],"characters":[51711],"vehicles":[],"interiors":[],"accounts":[],"content":"Maykil Ceksin presses on the key to lock the vehicle. ((2111 asdasd 1111))","factions":[]}
{"action":31,"origin":"ch51711","date":"2021-07-24T22:56:45","phones":[],"objects":[],"characters":[],"vehicles":[29140],"interiors":[],"accounts":[],"content":"LOCK FROM OUTSIDE","factions":[]}
{"action":40,"origin":"ch51711","date":"2021-07-24T22:56:45","phones":[],"objects":[],"characters":[51711],"vehicles":[],"interiors":[],"accounts":[],"content":"Maykil Ceksin presses on the key to unlock the vehicle. ((2111 asdasd 1111))","factions":[]}
{"action":31,"origin":"ch51711","date":"2021-07-24T22:56:45","phones":[],"objects":[],"characters":[],"vehicles":[29140],"interiors":[],"accounts":[],"content":"UNLOCK FROM OUTSIDE","factions":[]}
{"action":40,"origin":"ch51711","date":"2021-07-24T22:56:59","phones":[],"objects":[],"characters":[51711],"vehicles":[],"interiors":[],"accounts":[],"content":"Maykil Ceksin presses on the key to lock the vehicle. ((2111 asdasd 1111))","factions":[]}
{"action":31,"origin":"ch51711","date":"2021-07-24T22:56:59","phones":[],"objects":[],"characters":[],"vehicles":[29140],"interiors":[],"accounts":[],"content":"LOCK FROM OUTSIDE","factions":[]}
{"action":4,"origin":"ch51711","date":"2021-07-24T22:57:21","phones":[],"objects":[],"characters":[],"vehicles":[],"interiors":[],"accounts":[],"content":"MAKE FACTION","factions":[192]}
{"action":4,"origin":"ch51711","date":"2021-07-24T22:57:26","phones":[],"objects":[],"characters":[51711],"vehicles":[],"interiors":[],"accounts":[],"content":"SET INTO FACTION LEADER","factions":[192]}
{"action":37,"origin":"ch51711","date":"2021-07-24T22:59:37","phones":[],"objects":[],"characters":[],"vehicles":[],"interiors":[5169],"accounts":[],"content":"ADDINTERIOR T:0 I:50 C:5000","factions":[]}
{"action":37,"origin":"ch51711","date":"2021-07-24T23:00:09","phones":[],"objects":[],"characters":[],"vehicles":[],"interiors":[5169],"accounts":[],"content":"BUYPROPERTY TOKEN USED","factions":[]}
{"action":31,"origin":"ch51711","date":"2021-07-24T23:00:14","phones":[],"objects":[],"characters":[51711],"vehicles":[],"interiors":[5169],"accounts":[],"content":"ENTERED","factions":[]}
{"action":31,"origin":"ch51711","date":"2021-07-24T23:00:15","phones":[],"objects":[],"characters":[51711],"vehicles":[],"interiors":[5169],"accounts":[],"content":"EXITED","factions":[]}
{"action":37,"origin":"ch51711","date":"2021-07-24T23:00:30","phones":[],"objects":[],"characters":[],"vehicles":[],"interiors":[5169],"accounts":[],"content":"DELETEINTERIOR 5169","factions":[]}
{"action":37,"origin":"ch51711","date":"2021-07-24T23:00:33","phones":[],"objects":[],"characters":[],"vehicles":[],"interiors":[5170],"accounts":[],"content":"ADDINTERIOR T:0 I:50 C:5000","factions":[]}
{"action":4,"origin":"ch51711","date":"2021-07-24T23:00:46","phones":[],"objects":[],"characters":[51711],"vehicles":[],"interiors":[],"accounts":[],"content":"GIVEMONEY 50000","factions":[]}
{"action":4,"origin":"ch51711","date":"2021-07-24T23:00:47","phones":[],"objects":[],"characters":[51711],"vehicles":[],"interiors":[],"accounts":[],"content":"GIVEMONEY 50000","factions":[]}
{"action":4,"origin":"ch51711","date":"2021-07-24T23:00:47","phones":[],"objects":[],"characters":[51711],"vehicles":[],"interiors":[],"accounts":[],"content":"GIVEMONEY 50000","factions":[]}
{"action":4,"origin":"ch51711","date":"2021-07-24T23:01:50","phones":[],"objects":[],"characters":[51711],"vehicles":[],"interiors":[],"accounts":[],"content":"GIVEWEAPON AK-47 mp9Z0u1Zmo9ZN8cZm8bt08gZ0V","factions":[]}
{"action":4,"origin":"ch51711","date":"2021-07-24T23:01:58","phones":[],"objects":[],"characters":[51711],"vehicles":[],"interiors":[],"accounts":[],"content":"GIVEITEM 7.62mm (500 rounds, serial: 'mt9Z0u1Zmo9ZN8QZm8bt08gZ0V').","factions":[]}
{"action":4,"origin":"ch51711","date":"2021-07-24T23:02:00","phones":[],"objects":[],"characters":[51711],"vehicles":[],"interiors":[],"accounts":[],"content":"GIVEITEM 7.62mm (500 rounds, serial: 'OF9Z0u1Zmo9ZN8ctm8bt08gZ0V').","factions":[]}
{"action":40,"origin":"ch51711","date":"2021-07-24T23:02:04","phones":[],"objects":[],"characters":[51711],"vehicles":[],"interiors":[],"accounts":[],"content":"Maykil Ceksin reloads his AK-47.","factions":[]}
{"action":13,"origin":"ch51711","date":"2021-07-24T23:02:10","phones":[],"objects":[],"characters":[51711],"vehicles":[],"interiors":[],"accounts":[],"content":"You'd hear a series of loud assault rifle gunshots echoing throughout the vicinity","factions":[]}
{"action":39,"origin":"ch51711","date":"2021-07-24T23:02:15","phones":[],"objects":[],"characters":[51711],"vehicles":[],"interiors":[],"accounts":[],"content":"Maykil_Ceksin -> ~World #875517 - Shell Casing - 22 casings of 7.62mm @ (1490.3583, -1589.8457, 12.382813) in (int 0, dim 0)","factions":[]}
{"action":40,"origin":"ch51711","date":"2021-07-24T23:02:15","phones":[],"objects":[],"characters":[51711],"vehicles":[],"interiors":[],"accounts":[],"content":"Maykil Ceksin reloads his AK-47.","factions":[]}
{"action":39,"origin":"ch51711","date":"2021-07-24T23:02:35","phones":[],"objects":[],"characters":[51711],"vehicles":[],"interiors":[],"accounts":[],"content":"Maykil_Ceksin -> ~World #875518 - Shell Casing - 30 casings of 7.62mm @ (1935.7247, -1757.9102, 12.382813) in (int 0, dim 0)","factions":[]}
{"action":40,"origin":"ch51711","date":"2021-07-24T23:02:37","phones":[],"objects":[],"characters":[51711],"vehicles":[],"interiors":[],"accounts":[],"content":"Maykil Ceksin reloads his AK-47.","factions":[]}
{"action":39,"origin":"ch51711","date":"2021-07-24T23:02:44","phones":[],"objects":[],"characters":[51711],"vehicles":[],"interiors":[],"accounts":[],"content":"Maykil_Ceksin -> ~World #875519 - Shell Casing - 7 casings of 7.62mm @ (1939.3129, -1757.3904, 12.382813) in (int 0, dim 0)","factions":[]}
{"action":13,"origin":"ch51711","date":"2021-07-24T23:04:25","phones":[],"objects":[],"characters":[51711],"vehicles":[],"interiors":[],"accounts":[],"content":"You'd hear a series of loud assault rifle gunshots echoing throughout the vicinity","factions":[]}
{"action":39,"origin":"ch51711","date":"2021-07-24T23:04:27","phones":[],"objects":[],"characters":[51711],"vehicles":[],"interiors":[],"accounts":[],"content":"Maykil_Ceksin -> ~World #875517 - Shell Casing - 13 casings of 7.62mm @ (1939.5692, -1776.6589, 18.525015) in (int 0, dim 0)","factions":[]}
{"action":40,"origin":"ch51711","date":"2021-07-24T23:04:27","phones":[],"objects":[],"characters":[51711],"vehicles":[],"interiors":[],"accounts":[],"content":"Maykil Ceksin reloads his AK-47.","factions":[]}
{"action":27,"origin":"ac131902","date":"2021-07-24T23:04:38","phones":[],"objects":[],"characters":[51711],"vehicles":[],"interiors":[],"accounts":[131902],"content":"Disconnected (Quit) (Name: Maykil_Ceksin)","factions":[]}
